<?xml version="1.0" encoding="UTF-8"?>
<testsuite xmlns:xsi="http://www.w3.org/2001/XMLSchema-instance" xsi:noNamespaceSchemaLocation="https://maven.apache.org/surefire/maven-surefire-plugin/xsd/surefire-test-report.xsd" name="TestSuite" time="97.788" tests="135" errors="0" skipped="132" failures="3">
  <properties>
[...]
</properties>
  <testcase name="amazonPaymentProductsTest" classname="test.pageobjects.TestFooterTopLinks" time="60.419">
    <failure message="Unable to locate element: Shop with Points&#10;For documentation on this error, please visit: https://www.seleniumhq.org/exceptions/no_such_element.html&#10;Build info: version: &apos;3.141.59&apos;, revision: &apos;e82be7d358&apos;, time: &apos;2018-11-14T08:17:03&apos;&#10;System info: host: &apos;DESKTOP-U948LCS&apos;, ip: &apos;10.11.11.100&apos;, os.name: &apos;Windows 10&apos;, os.arch: &apos;amd64&apos;, os.version: &apos;10.0&apos;, java.version: &apos;1.8.0_192&apos;&#10;Driver info: org.openqa.selenium.firefox.FirefoxDriver&#10;Capabilities {acceptInsecureCerts: true, browserName: firefox, browserVersion: 64.0, javascriptEnabled: true, moz:accessibilityChecks: false, moz:geckodriverVersion: 0.23.0, moz:headless: false, moz:processID: 1096, moz:profile: C:\Users\Saeed\AppData\Loca..., moz:shutdownTimeout: 60000, moz:useNonSpecCompliantPointerOrigin: false, moz:webdriverClick: true, pageLoadStrategy: normal, platform: WINDOWS, platformName: WINDOWS, platformVersion: 10.0, rotatable: false, setWindowRect: true, timeouts: {implicit: 0, pageLoad: 300000, script: 30000}, unhandledPromptBehavior: dismiss and notify}&#10;Session ID: d0f676b2-77e5-4bcf-a2f2-8b9f3690dd89&#10;*** Element info: {Using=partial link text, value=Shop with Points}" type="org.openqa.selenium.NoSuchElementException">org.openqa.selenium.NoSuchElementException: 
Unable to locate element: Shop with Points
For documentation on this error, please visit: https://www.seleniumhq.org/exceptions/no_such_element.html
Build info: version: '3.141.59', revision: 'e82be7d358', time: '2018-11-14T08:17:03'
System info: host: 'DESKTOP-U948LCS', ip: '10.11.11.100', os.name: 'Windows 10', os.arch: 'amd64', os.version: '10.0', java.version: '1.8.0_192'
Driver info: org.openqa.selenium.firefox.FirefoxDriver
Capabilities {acceptInsecureCerts: true, browserName: firefox, browserVersion: 64.0, javascriptEnabled: true, moz:accessibilityChecks: false, moz:geckodriverVersion: 0.23.0, moz:headless: false, moz:processID: 1096, moz:profile: C:\Users\Saeed\AppData\Loca..., moz:shutdownTimeout: 60000, moz:useNonSpecCompliantPointerOrigin: false, moz:webdriverClick: true, pageLoadStrategy: normal, platform: WINDOWS, platformName: WINDOWS, platformVersion: 10.0, rotatable: false, setWindowRect: true, timeouts: {implicit: 0, pageLoad: 300000, script: 30000}, unhandledPromptBehavior: dismiss and notify}
Session ID: d0f676b2-77e5-4bcf-a2f2-8b9f3690dd89
*** Element info: {Using=partial link text, value=Shop with Points}
	at test.pageobjects.TestFooterTopLinks.amazonPaymentProductsTest(TestFooterTopLinks.java:21)
</failure>
    <system-err><![CDATA[Dec 26, 2018 4:40:24 PM org.openqa.selenium.remote.DesiredCapabilities firefox
INFO: Using `new FirefoxOptions()` is preferred to `DesiredCapabilities.firefox()`
1545860426123	mozrunner::runner	INFO	Running command: "C:\\Program Files (x86)\\Mozilla Firefox\\firefox.exe" "-marionette" "--start-maximized" "--ignore-certificate-errors" "--private" "-foreground" "-no-remote" "-profile" "C:\\Users\\Saeed\\AppData\\Local\\Temp\\rust_mozprofile.YG0gkcdQqvFy"
1545860427792	addons.webextension.screenshots@mozilla.org	WARN	Loading extension 'screenshots@mozilla.org': Reading manifest: Invalid host permission: resource://pdf.js/
1545860427800	addons.webextension.screenshots@mozilla.org	WARN	Loading extension 'screenshots@mozilla.org': Reading manifest: Invalid host permission: about:reader*
1545860432351	Marionette	INFO	Listening on port 60644
1545860432510	Marionette	WARN	TLS certificate errors will be ignored for this session
Dec 26, 2018 4:40:32 PM org.openqa.selenium.remote.ProtocolHandshake createSession
INFO: Detected dialect: W3C
]]></system-err>
  </testcase>
  <testcase name="getToKnowUsTest" classname="test.pageobjects.TestFooterTopLinks" time="3.559">
    <failure message="Failed to convert data to an object&#10;Build info: version: &apos;3.141.59&apos;, revision: &apos;e82be7d358&apos;, time: &apos;2018-11-14T08:17:03&apos;&#10;System info: host: &apos;DESKTOP-U948LCS&apos;, ip: &apos;10.11.11.100&apos;, os.name: &apos;Windows 10&apos;, os.arch: &apos;amd64&apos;, os.version: &apos;10.0&apos;, java.version: &apos;1.8.0_192&apos;&#10;Driver info: org.openqa.selenium.firefox.FirefoxDriver&#10;Capabilities {acceptInsecureCerts: true, browserName: firefox, browserVersion: 64.0, javascriptEnabled: true, moz:accessibilityChecks: false, moz:geckodriverVersion: 0.23.0, moz:headless: false, moz:processID: 5924, moz:profile: C:\Users\Saeed\AppData\Loca..., moz:shutdownTimeout: 60000, moz:useNonSpecCompliantPointerOrigin: false, moz:webdriverClick: true, pageLoadStrategy: normal, platform: WINDOWS, platformName: WINDOWS, platformVersion: 10.0, rotatable: false, setWindowRect: true, timeouts: {implicit: 0, pageLoad: 300000, script: 30000}, unhandledPromptBehavior: dismiss and notify}&#10;Session ID: a1eb259f-1a0f-49cf-846a-ee1042d1ffbb&#10;*** Element info: {Using=partial link text, value=Careers}" type="org.openqa.selenium.WebDriverException">org.openqa.selenium.WebDriverException: 
Failed to convert data to an object
Build info: version: '3.141.59', revision: 'e82be7d358', time: '2018-11-14T08:17:03'
System info: host: 'DESKTOP-U948LCS', ip: '10.11.11.100', os.name: 'Windows 10', os.arch: 'amd64', os.version: '10.0', java.version: '1.8.0_192'
Driver info: org.openqa.selenium.firefox.FirefoxDriver
Capabilities {acceptInsecureCerts: true, browserName: firefox, browserVersion: 64.0, javascriptEnabled: true, moz:accessibilityChecks: false, moz:geckodriverVersion: 0.23.0, moz:headless: false, moz:processID: 5924, moz:profile: C:\Users\Saeed\AppData\Loca..., moz:shutdownTimeout: 60000, moz:useNonSpecCompliantPointerOrigin: false, moz:webdriverClick: true, pageLoadStrategy: normal, platform: WINDOWS, platformName: WINDOWS, platformVersion: 10.0, rotatable: false, setWindowRect: true, timeouts: {implicit: 0, pageLoad: 300000, script: 30000}, unhandledPromptBehavior: dismiss and notify}
Session ID: a1eb259f-1a0f-49cf-846a-ee1042d1ffbb
*** Element info: {Using=partial link text, value=Careers}
	at test.pageobjects.TestFooterTopLinks.getToKnowUsTest(TestFooterTopLinks.java:34)
</failure>
    <system-err><![CDATA[1545860498687	Marionette	INFO	Stopped listening on port 60644
[Child 15824, Chrome_ChildThread] WARNING: pipe error: 109: file z:/build/build/src/ipc/chromium/src/chrome/common/ipc_channel_win.cc, line 346
[Child 15824, Chrome_ChildThread] WARNING: pipe error: 109: file z:/build/build/src/ipc/chromium/src/chrome/common/ipc_channel_win.cc, line 346
[Parent 1096, Gecko_IOThread] WARNING: pipe error: 109: file z:/build/build/src/ipc/chromium/src/chrome/common/ipc_channel_win.cc, line 346
[Parent 1096, Gecko_IOThread] WARNING: pipe error: 109: file z:/build/build/src/ipc/chromium/src/chrome/common/ipc_channel_win.cc, line 346

###!!! [Child][RunMessage] Error: Channel closing: too late to send/recv, messages will be lost


###!!! [Child][MessageChannel::SendAndWait] Error: Channel error: cannot send/recv

Dec 26, 2018 4:41:40 PM org.openqa.selenium.remote.DesiredCapabilities firefox
INFO: Using `new FirefoxOptions()` is preferred to `DesiredCapabilities.firefox()`
1545860501368	mozrunner::runner	INFO	Running command: "C:\\Program Files (x86)\\Mozilla Firefox\\firefox.exe" "-marionette" "--start-maximized" "--ignore-certificate-errors" "--private" "-foreground" "-no-remote" "-profile" "C:\\Users\\Saeed\\AppData\\Local\\Temp\\rust_mozprofile.xcr4czL29YSr"
1545860502826	addons.webextension.screenshots@mozilla.org	WARN	Loading extension 'screenshots@mozilla.org': Reading manifest: Invalid host permission: resource://pdf.js/
1545860502826	addons.webextension.screenshots@mozilla.org	WARN	Loading extension 'screenshots@mozilla.org': Reading manifest: Invalid host permission: about:reader*
1545860508147	Marionette	INFO	Listening on port 60790
1545860508505	Marionette	WARN	TLS certificate errors will be ignored for this session
Dec 26, 2018 4:41:48 PM org.openqa.selenium.remote.ProtocolHandshake createSession
INFO: Detected dialect: W3C
]]></system-err>
  </testcase>
  <testcase name="closeOut" classname="test.pageobjects.TestFooterTopLinks" time="7.577">
    <failure message="Failed to decode response from marionette&#10;Build info: version: &apos;3.141.59&apos;, revision: &apos;e82be7d358&apos;, time: &apos;2018-11-14T08:17:03&apos;&#10;System info: host: &apos;DESKTOP-U948LCS&apos;, ip: &apos;10.11.11.100&apos;, os.name: &apos;Windows 10&apos;, os.arch: &apos;amd64&apos;, os.version: &apos;10.0&apos;, java.version: &apos;1.8.0_192&apos;&#10;Driver info: org.openqa.selenium.firefox.FirefoxDriver&#10;Capabilities {acceptInsecureCerts: true, browserName: firefox, browserVersion: 64.0, javascriptEnabled: true, moz:accessibilityChecks: false, moz:geckodriverVersion: 0.23.0, moz:headless: false, moz:processID: 5924, moz:profile: C:\Users\Saeed\AppData\Loca..., moz:shutdownTimeout: 60000, moz:useNonSpecCompliantPointerOrigin: false, moz:webdriverClick: true, pageLoadStrategy: normal, platform: WINDOWS, platformName: WINDOWS, platformVersion: 10.0, rotatable: false, setWindowRect: true, timeouts: {implicit: 0, pageLoad: 300000, script: 30000}, unhandledPromptBehavior: dismiss and notify}&#10;Session ID: a1eb259f-1a0f-49cf-846a-ee1042d1ffbb" type="org.openqa.selenium.WebDriverException">org.openqa.selenium.WebDriverException: 
Failed to decode response from marionette
Build info: version: '3.141.59', revision: 'e82be7d358', time: '2018-11-14T08:17:03'
System info: host: 'DESKTOP-U948LCS', ip: '10.11.11.100', os.name: 'Windows 10', os.arch: 'amd64', os.version: '10.0', java.version: '1.8.0_192'
Driver info: org.openqa.selenium.firefox.FirefoxDriver
Capabilities {acceptInsecureCerts: true, browserName: firefox, browserVersion: 64.0, javascriptEnabled: true, moz:accessibilityChecks: false, moz:geckodriverVersion: 0.23.0, moz:headless: false, moz:processID: 5924, moz:profile: C:\Users\Saeed\AppData\Loca..., moz:shutdownTimeout: 60000, moz:useNonSpecCompliantPointerOrigin: false, moz:webdriverClick: true, pageLoadStrategy: normal, platform: WINDOWS, platformName: WINDOWS, platformVersion: 10.0, rotatable: false, setWindowRect: true, timeouts: {implicit: 0, pageLoad: 300000, script: 30000}, unhandledPromptBehavior: dismiss and notify}
Session ID: a1eb259f-1a0f-49cf-846a-ee1042d1ffbb
</failure>
    <system-err><![CDATA[[Child 27432, Chrome_ChildThread] WARNING: pipe error: 109: file z:/build/build/src/ipc/chromium/src/chrome/common/ipc_channel_win.cc, line 346
[Child 28312, Chrome_ChildThread] WARNING: pipe error: 109: file z:/build/buil[Parent 5924, Gecko_IOThread] WARNING: pipe error: 109: file z:/build/build/src/ipc/chromium/src/chrome/common/ipc_channel_win.cc, line 346
d/src/ipc/chromium/src/chrome/common/ipc_channel_win.cc, line 346
[Child 28312, Chrome_ChildThread] WARNING: pipe error: 109: file z:/build/build/src/ipc/chromium/src/chrome/common/ipc_channel_win.cc, line 346
1545860518681	Marionette	INFO	Stopped listening on port 60790

###!!! [Child][RunMessage] Error: Channel closing: too late to send/recv, messages will be lost


###!!! [Child][MessageChannel::SendAndWait] Error: Channel error: cannot send/recv

]]></system-err>
  </testcase>
  <testcase name="closeOut" classname="test.pageobjects.TestFooterTopLinks" time="0">
    <skipped/>
  </testcase>
  <testcase name="closeOut" classname="test.pageobjects.TestFooterTopLinks" time="0">
    <skipped/>
  </testcase>
  <testcase name="closeOut" classname="test.pageobjects.TestFooterTopLinks" time="0">
    <skipped/>
  </testcase>
  <testcase name="closeOut" classname="test.pageobjects.TestFooterTopLinks" time="0">
    <skipped/>
  </testcase>
  <testcase name="setUp" classname="test.pageobjects.TestFooterTopLinks" time="0">
    <skipped/>
  </testcase>
  <testcase name="setUp" classname="test.pageobjects.TestFooterTopLinks" time="0">
    <skipped/>
  </testcase>
  <testcase name="setUp" classname="test.pageobjects.TestFooterTopLinks" time="0">
    <skipped/>
  </testcase>
  <testcase name="setUp" classname="test.pageobjects.TestFooterTopLinks" time="0">
    <skipped/>
  </testcase>
  <testcase name="initializationOfOnjects" classname="test.pageobjects.TestFooterTopLinks" time="0">
    <skipped/>
  </testcase>
  <testcase name="initializationOfOnjects" classname="test.pageobjects.TestFooterTopLinks" time="0">
    <skipped/>
  </testcase>
  <testcase name="initializationOfOnjects" classname="test.pageobjects.TestFooterTopLinks" time="0">
    <skipped/>
  </testcase>
  <testcase name="initializationOfOnjects" classname="test.pageobjects.TestFooterTopLinks" time="0">
    <skipped/>
  </testcase>
  <testcase name="laguageTabTest" classname="test.pageobjects.TestFooterTopLinks" time="0">
    <skipped/>
  </testcase>
  <testcase name="letUsHelpYouTest" classname="test.pageobjects.TestFooterTopLinks" time="0">
    <skipped/>
  </testcase>
  <testcase name="makeMoneyWithUsTest" classname="test.pageobjects.TestFooterTopLinks" time="0">
    <skipped/>
  </testcase>
  <testcase name="countryTabTest" classname="test.pageobjects.TestFooterTopLinks" time="0">
    <skipped/>
  </testcase>
  <testcase name="setUp" classname="test.pageobjects.TestLogIn" time="0">
    <skipped/>
  </testcase>
  <testcase name="setUp" classname="test.pageobjects.TestLogIn" time="0">
    <skipped/>
  </testcase>
  <testcase name="setUp" classname="test.pageobjects.TestLogIn" time="0">
    <skipped/>
  </testcase>
  <testcase name="setUp" classname="test.pageobjects.TestLogIn" time="0">
    <skipped/>
  </testcase>
  <testcase name="setUp" classname="test.pageobjects.TestLogIn" time="0">
    <skipped/>
  </testcase>
  <testcase name="initializationOfObject" classname="test.pageobjects.TestLogIn" time="0">
    <skipped/>
  </testcase>
  <testcase name="initializationOfObject" classname="test.pageobjects.TestLogIn" time="0">
    <skipped/>
  </testcase>
  <testcase name="initializationOfObject" classname="test.pageobjects.TestLogIn" time="0">
    <skipped/>
  </testcase>
  <testcase name="initializationOfObject" classname="test.pageobjects.TestLogIn" time="0">
    <skipped/>
  </testcase>
  <testcase name="initializationOfObject" classname="test.pageobjects.TestLogIn" time="0">
    <skipped/>
  </testcase>
  <testcase name="completeLoginTest" classname="test.pageobjects.TestLogIn" time="0">
    <skipped/>
  </testcase>
  <testcase name="closeOut" classname="test.pageobjects.TestLogIn" time="0">
    <skipped/>
  </testcase>
  <testcase name="closeOut" classname="test.pageobjects.TestLogIn" time="0">
    <skipped/>
  </testcase>
  <testcase name="closeOut" classname="test.pageobjects.TestLogIn" time="0">
    <skipped/>
  </testcase>
  <testcase name="closeOut" classname="test.pageobjects.TestLogIn" time="0">
    <skipped/>
  </testcase>
  <testcase name="closeOut" classname="test.pageobjects.TestLogIn" time="0">
    <skipped/>
  </testcase>
  <testcase name="emailTest" classname="test.pageobjects.TestLogIn" time="0">
    <skipped/>
  </testcase>
  <testcase name="loginTest" classname="test.pageobjects.TestLogIn" time="0">
    <skipped/>
  </testcase>
  <testcase name="passwordTest" classname="test.pageobjects.TestLogIn" time="0">
    <skipped/>
  </testcase>
  <testcase name="signInButtonTest" classname="test.pageobjects.TestLogIn" time="0">
    <skipped/>
  </testcase>
  <testcase name="setUp" classname="test.pageobjects.TestNavigationBar1" time="0">
    <skipped/>
  </testcase>
  <testcase name="setUp" classname="test.pageobjects.TestNavigationBar1" time="0">
    <skipped/>
  </testcase>
  <testcase name="setUp" classname="test.pageobjects.TestNavigationBar1" time="0">
    <skipped/>
  </testcase>
  <testcase name="setUp" classname="test.pageobjects.TestNavigationBar1" time="0">
    <skipped/>
  </testcase>
  <testcase name="setUp" classname="test.pageobjects.TestNavigationBar1" time="0">
    <skipped/>
  </testcase>
  <testcase name="setUp" classname="test.pageobjects.TestNavigationBar1" time="0">
    <skipped/>
  </testcase>
  <testcase name="setUp" classname="test.pageobjects.TestNavigationBar1" time="0">
    <skipped/>
  </testcase>
  <testcase name="initilization" classname="test.pageobjects.TestNavigationBar1" time="0">
    <skipped/>
  </testcase>
  <testcase name="initilization" classname="test.pageobjects.TestNavigationBar1" time="0">
    <skipped/>
  </testcase>
  <testcase name="initilization" classname="test.pageobjects.TestNavigationBar1" time="0">
    <skipped/>
  </testcase>
  <testcase name="initilization" classname="test.pageobjects.TestNavigationBar1" time="0">
    <skipped/>
  </testcase>
  <testcase name="initilization" classname="test.pageobjects.TestNavigationBar1" time="0">
    <skipped/>
  </testcase>
  <testcase name="initilization" classname="test.pageobjects.TestNavigationBar1" time="0">
    <skipped/>
  </testcase>
  <testcase name="initilization" classname="test.pageobjects.TestNavigationBar1" time="0">
    <skipped/>
  </testcase>
  <testcase name="giftcards" classname="test.pageobjects.TestNavigationBar1" time="0">
    <skipped/>
  </testcase>
  <testcase name="closeOut" classname="test.pageobjects.TestNavigationBar1" time="0">
    <skipped/>
  </testcase>
  <testcase name="closeOut" classname="test.pageobjects.TestNavigationBar1" time="0">
    <skipped/>
  </testcase>
  <testcase name="closeOut" classname="test.pageobjects.TestNavigationBar1" time="0">
    <skipped/>
  </testcase>
  <testcase name="closeOut" classname="test.pageobjects.TestNavigationBar1" time="0">
    <skipped/>
  </testcase>
  <testcase name="closeOut" classname="test.pageobjects.TestNavigationBar1" time="0">
    <skipped/>
  </testcase>
  <testcase name="closeOut" classname="test.pageobjects.TestNavigationBar1" time="0">
    <skipped/>
  </testcase>
  <testcase name="closeOut" classname="test.pageobjects.TestNavigationBar1" time="0">
    <skipped/>
  </testcase>
  <testcase name="helpTest" classname="test.pageobjects.TestNavigationBar1" time="0">
    <skipped/>
  </testcase>
  <testcase name="registryTest" classname="test.pageobjects.TestNavigationBar1" time="0">
    <skipped/>
  </testcase>
  <testcase name="sellTest" classname="test.pageobjects.TestNavigationBar1" time="0">
    <skipped/>
  </testcase>
  <testcase name="wholeFoodsTest" classname="test.pageobjects.TestNavigationBar1" time="0">
    <skipped/>
  </testcase>
  <testcase name="yearEndDealsTest" classname="test.pageobjects.TestNavigationBar1" time="0">
    <skipped/>
  </testcase>
  <testcase name="yourAmazonTest" classname="test.pageobjects.TestNavigationBar1" time="0">
    <skipped/>
  </testcase>
  <testcase name="setUp" classname="test.pageobjects.TestSeachBox" time="0">
    <skipped/>
  </testcase>
  <testcase name="setUp" classname="test.pageobjects.TestSeachBox" time="0">
    <skipped/>
  </testcase>
  <testcase name="setUp" classname="test.pageobjects.TestSeachBox" time="0">
    <skipped/>
  </testcase>
  <testcase name="setUp" classname="test.pageobjects.TestSeachBox" time="0">
    <skipped/>
  </testcase>
  <testcase name="initializationOfObjects" classname="test.pageobjects.TestSeachBox" time="0">
    <skipped/>
  </testcase>
  <testcase name="initializationOfObjects" classname="test.pageobjects.TestSeachBox" time="0">
    <skipped/>
  </testcase>
  <testcase name="initializationOfObjects" classname="test.pageobjects.TestSeachBox" time="0">
    <skipped/>
  </testcase>
  <testcase name="initializationOfObjects" classname="test.pageobjects.TestSeachBox" time="0">
    <skipped/>
  </testcase>
  <testcase name="dropdownListTest" classname="test.pageobjects.TestSeachBox" time="0">
    <skipped/>
  </testcase>
  <testcase name="closeOut" classname="test.pageobjects.TestSeachBox" time="0">
    <skipped/>
  </testcase>
  <testcase name="closeOut" classname="test.pageobjects.TestSeachBox" time="0">
    <skipped/>
  </testcase>
  <testcase name="closeOut" classname="test.pageobjects.TestSeachBox" time="0">
    <skipped/>
  </testcase>
  <testcase name="closeOut" classname="test.pageobjects.TestSeachBox" time="0">
    <skipped/>
  </testcase>
  <testcase name="searchBoxTest" classname="test.pageobjects.TestSeachBox" time="0">
    <skipped/>
  </testcase>
  <testcase name="searchBoxTextTest" classname="test.pageobjects.TestSeachBox" time="0">
    <skipped/>
  </testcase>
  <testcase name="searchIconTest" classname="test.pageobjects.TestSeachBox" time="0">
    <skipped/>
  </testcase>
  <testcase name="setUp" classname="test.regular.HomePageTest" time="0">
    <skipped/>
  </testcase>
  <testcase name="setUp" classname="test.regular.HomePageTest" time="0">
    <skipped/>
  </testcase>
  <testcase name="setUp" classname="test.regular.HomePageTest" time="0">
    <skipped/>
  </testcase>
  <testcase name="setUp" classname="test.regular.HomePageTest" time="0">
    <skipped/>
  </testcase>
  <testcase name="setUp" classname="test.regular.HomePageTest" time="0">
    <skipped/>
  </testcase>
  <testcase name="setUp" classname="test.regular.HomePageTest" time="0">
    <skipped/>
  </testcase>
  <testcase name="titleTest" classname="test.regular.HomePageTest" time="0">
    <skipped/>
  </testcase>
  <testcase name="titleTest" classname="test.regular.HomePageTest" time="0">
    <skipped/>
  </testcase>
  <testcase name="titleTest" classname="test.regular.HomePageTest" time="0">
    <skipped/>
  </testcase>
  <testcase name="titleTest" classname="test.regular.HomePageTest" time="0">
    <skipped/>
  </testcase>
  <testcase name="titleTest" classname="test.regular.HomePageTest" time="0">
    <skipped/>
  </testcase>
  <testcase name="titleTest" classname="test.regular.HomePageTest" time="0">
    <skipped/>
  </testcase>
  <testcase name="addressTest" classname="test.regular.HomePageTest" time="0">
    <skipped/>
  </testcase>
  <testcase name="closeOut" classname="test.regular.HomePageTest" time="0">
    <skipped/>
  </testcase>
  <testcase name="closeOut" classname="test.regular.HomePageTest" time="0">
    <skipped/>
  </testcase>
  <testcase name="closeOut" classname="test.regular.HomePageTest" time="0">
    <skipped/>
  </testcase>
  <testcase name="closeOut" classname="test.regular.HomePageTest" time="0">
    <skipped/>
  </testcase>
  <testcase name="closeOut" classname="test.regular.HomePageTest" time="0">
    <skipped/>
  </testcase>
  <testcase name="closeOut" classname="test.regular.HomePageTest" time="0">
    <skipped/>
  </testcase>
  <testcase name="cartTest" classname="test.regular.HomePageTest" time="0">
    <skipped/>
  </testcase>
  <testcase name="checkIconTest" classname="test.regular.HomePageTest" time="0">
    <skipped/>
  </testcase>
  <testcase name="generalLinksTest" classname="test.regular.HomePageTest" time="0">
    <skipped/>
  </testcase>
  <testcase name="checkIcon2Test" classname="test.regular.HomePageTest" time="0">
    <skipped/>
  </testcase>
  <testcase name="primeTryTest" classname="test.regular.HomePageTest" time="0">
    <skipped/>
  </testcase>
  <testcase name="setUp" classname="test.regular.HomeSearchBoxTest" time="0">
    <skipped/>
  </testcase>
  <testcase name="setUp" classname="test.regular.HomeSearchBoxTest" time="0">
    <skipped/>
  </testcase>
  <testcase name="setUp" classname="test.regular.HomeSearchBoxTest" time="0">
    <skipped/>
  </testcase>
  <testcase name="setUp" classname="test.regular.HomeSearchBoxTest" time="0">
    <skipped/>
  </testcase>
  <testcase name="setUp" classname="test.regular.HomeSearchBoxTest" time="0">
    <skipped/>
  </testcase>
  <testcase name="setUp" classname="test.regular.HomeSearchBoxTest" time="0">
    <skipped/>
  </testcase>
  <testcase name="setUp" classname="test.regular.HomeSearchBoxTest" time="0">
    <skipped/>
  </testcase>
  <testcase name="titleTest" classname="test.regular.HomeSearchBoxTest" time="0">
    <skipped/>
  </testcase>
  <testcase name="titleTest" classname="test.regular.HomeSearchBoxTest" time="0">
    <skipped/>
  </testcase>
  <testcase name="titleTest" classname="test.regular.HomeSearchBoxTest" time="0">
    <skipped/>
  </testcase>
  <testcase name="titleTest" classname="test.regular.HomeSearchBoxTest" time="0">
    <skipped/>
  </testcase>
  <testcase name="titleTest" classname="test.regular.HomeSearchBoxTest" time="0">
    <skipped/>
  </testcase>
  <testcase name="titleTest" classname="test.regular.HomeSearchBoxTest" time="0">
    <skipped/>
  </testcase>
  <testcase name="titleTest" classname="test.regular.HomeSearchBoxTest" time="0">
    <skipped/>
  </testcase>
  <testcase name="searchBoxEnterTest" classname="test.regular.HomeSearchBoxTest" time="0">
    <skipped/>
  </testcase>
  <testcase name="closeOut" classname="test.regular.HomeSearchBoxTest" time="0">
    <skipped/>
  </testcase>
  <testcase name="closeOut" classname="test.regular.HomeSearchBoxTest" time="0">
    <skipped/>
  </testcase>
  <testcase name="closeOut" classname="test.regular.HomeSearchBoxTest" time="0">
    <skipped/>
  </testcase>
  <testcase name="closeOut" classname="test.regular.HomeSearchBoxTest" time="0">
    <skipped/>
  </testcase>
  <testcase name="closeOut" classname="test.regular.HomeSearchBoxTest" time="0">
    <skipped/>
  </testcase>
  <testcase name="closeOut" classname="test.regular.HomeSearchBoxTest" time="0">
    <skipped/>
  </testcase>
  <testcase name="closeOut" classname="test.regular.HomeSearchBoxTest" time="0">
    <skipped/>
  </testcase>
  <testcase name="searchBoxTest" classname="test.regular.HomeSearchBoxTest" time="0">
    <skipped/>
  </testcase>
  <testcase name="searchButtonTest" classname="test.regular.HomeSearchBoxTest" time="0">
    <skipped/>
  </testcase>
  <testcase name="accountListDropDownTest" classname="test.regular.HomeSearchBoxTest" time="0">
    <skipped/>
  </testcase>
  <testcase name="dropDownBoxTest" classname="test.regular.HomeSearchBoxTest" time="0">
    <skipped/>
  </testcase>
  <testcase name="mainMenuTest" classname="test.regular.HomeSearchBoxTest" time="0">
    <skipped/>
  </testcase>
  <testcase name="radioDropDownTest" classname="test.regular.HomeSearchBoxTest" time="0">
    <skipped/>
  </testcase>
</testsuite>